0 info it worked if it ends with ok
1 verbose cli [ '/home/pi/bin/node', '/home/pi/bin/npm', 'install' ]
2 info using npm@1.2.14
3 info using node@v0.10.0
4 verbose read json /home/pi/a/node/rcswitch-rest/package.json
5 verbose readDependencies using package.json deps
6 verbose install where, deps [ '/home/pi/a/node/rcswitch-rest',
6 verbose install   [ 'exec', 'sleep', 'express', 'onoff' ] ]
7 verbose from cache /home/pi/a/node/rcswitch-rest/package.json
8 info preinstall rcswitch-rest@1.0.0
9 verbose read json /home/pi/a/node/rcswitch-rest/node_modules/exec/package.json
10 verbose read json /home/pi/a/node/rcswitch-rest/node_modules/express/package.json
11 verbose read json /home/pi/a/node/rcswitch-rest/node_modules/onoff/package.json
12 verbose read json /home/pi/a/node/rcswitch-rest/node_modules/sleep/package.json
13 verbose from cache /home/pi/a/node/rcswitch-rest/package.json
14 verbose readDependencies using package.json deps
15 verbose from cache /home/pi/a/node/rcswitch-rest/node_modules/exec/package.json
16 verbose from cache /home/pi/a/node/rcswitch-rest/node_modules/express/package.json
17 verbose from cache /home/pi/a/node/rcswitch-rest/node_modules/onoff/package.json
18 verbose from cache /home/pi/a/node/rcswitch-rest/node_modules/sleep/package.json
19 verbose cache add [ 'exec@^0.0.5', null ]
20 verbose cache add name=undefined spec="exec@^0.0.5" args=["exec@^0.0.5",null]
21 verbose parsed url { protocol: null,
21 verbose parsed url   slashes: null,
21 verbose parsed url   auth: null,
21 verbose parsed url   host: null,
21 verbose parsed url   port: null,
21 verbose parsed url   hostname: null,
21 verbose parsed url   hash: null,
21 verbose parsed url   search: null,
21 verbose parsed url   query: null,
21 verbose parsed url   pathname: 'exec@^0.0.5',
21 verbose parsed url   path: 'exec@^0.0.5',
21 verbose parsed url   href: 'exec@^0.0.5' }
22 verbose cache add name="exec" spec="^0.0.5" args=["exec","^0.0.5"]
23 verbose parsed url { protocol: null,
23 verbose parsed url   slashes: null,
23 verbose parsed url   auth: null,
23 verbose parsed url   host: null,
23 verbose parsed url   port: null,
23 verbose parsed url   hostname: null,
23 verbose parsed url   hash: null,
23 verbose parsed url   search: null,
23 verbose parsed url   query: null,
23 verbose parsed url   pathname: '^0.0.5',
23 verbose parsed url   path: '^0.0.5',
23 verbose parsed url   href: '^0.0.5' }
24 verbose addNamed [ 'exec', '^0.0.5' ]
25 verbose addNamed [ null, null ]
26 verbose cache add [ 'sleep@^1.1.0', null ]
27 verbose cache add name=undefined spec="sleep@^1.1.0" args=["sleep@^1.1.0",null]
28 verbose parsed url { protocol: null,
28 verbose parsed url   slashes: null,
28 verbose parsed url   auth: null,
28 verbose parsed url   host: null,
28 verbose parsed url   port: null,
28 verbose parsed url   hostname: null,
28 verbose parsed url   hash: null,
28 verbose parsed url   search: null,
28 verbose parsed url   query: null,
28 verbose parsed url   pathname: 'sleep@^1.1.0',
28 verbose parsed url   path: 'sleep@^1.1.0',
28 verbose parsed url   href: 'sleep@^1.1.0' }
29 verbose cache add name="sleep" spec="^1.1.0" args=["sleep","^1.1.0"]
30 verbose parsed url { protocol: null,
30 verbose parsed url   slashes: null,
30 verbose parsed url   auth: null,
30 verbose parsed url   host: null,
30 verbose parsed url   port: null,
30 verbose parsed url   hostname: null,
30 verbose parsed url   hash: null,
30 verbose parsed url   search: null,
30 verbose parsed url   query: null,
30 verbose parsed url   pathname: '^1.1.0',
30 verbose parsed url   path: '^1.1.0',
30 verbose parsed url   href: '^1.1.0' }
31 verbose addNamed [ 'sleep', '^1.1.0' ]
32 verbose addNamed [ null, null ]
33 verbose cache add [ 'express@^3.21.2', null ]
34 verbose cache add name=undefined spec="express@^3.21.2" args=["express@^3.21.2",null]
35 verbose parsed url { protocol: null,
35 verbose parsed url   slashes: null,
35 verbose parsed url   auth: null,
35 verbose parsed url   host: null,
35 verbose parsed url   port: null,
35 verbose parsed url   hostname: null,
35 verbose parsed url   hash: null,
35 verbose parsed url   search: null,
35 verbose parsed url   query: null,
35 verbose parsed url   pathname: 'express@^3.21.2',
35 verbose parsed url   path: 'express@^3.21.2',
35 verbose parsed url   href: 'express@^3.21.2' }
36 verbose cache add name="express" spec="^3.21.2" args=["express","^3.21.2"]
37 verbose parsed url { protocol: null,
37 verbose parsed url   slashes: null,
37 verbose parsed url   auth: null,
37 verbose parsed url   host: null,
37 verbose parsed url   port: null,
37 verbose parsed url   hostname: null,
37 verbose parsed url   hash: null,
37 verbose parsed url   search: null,
37 verbose parsed url   query: null,
37 verbose parsed url   pathname: '^3.21.2',
37 verbose parsed url   path: '^3.21.2',
37 verbose parsed url   href: '^3.21.2' }
38 verbose addNamed [ 'express', '^3.21.2' ]
39 verbose addNamed [ null, null ]
40 verbose already installed skipping onoff@* /home/pi/a/node/rcswitch-rest
41 silly lockFile dcd5a9ec-exec-0-0-5 exec@^0.0.5
42 verbose lock exec@^0.0.5 /home/pi/.npm/dcd5a9ec-exec-0-0-5.lock
43 silly lockFile 9434ff1a-sleep-1-1-0 sleep@^1.1.0
44 verbose lock sleep@^1.1.0 /home/pi/.npm/9434ff1a-sleep-1-1-0.lock
45 silly lockFile 59b7f666-express-3-21-2 express@^3.21.2
46 verbose lock express@^3.21.2 /home/pi/.npm/59b7f666-express-3-21-2.lock
47 info addNameTag [ 'exec', '^0.0.5' ]
48 info addNameTag [ 'sleep', '^1.1.0' ]
49 info addNameTag [ 'express', '^3.21.2' ]
50 verbose url raw exec
51 verbose url resolving [ 'https://registry.npmjs.org/', './exec' ]
52 verbose url resolved https://registry.npmjs.org/exec
53 info trying registry request attempt 1 at 20:42:39
54 http GET https://registry.npmjs.org/exec
55 verbose url raw sleep
56 verbose url resolving [ 'https://registry.npmjs.org/', './sleep' ]
57 verbose url resolved https://registry.npmjs.org/sleep
58 info trying registry request attempt 1 at 20:42:40
59 http GET https://registry.npmjs.org/sleep
60 verbose url raw express
61 verbose url resolving [ 'https://registry.npmjs.org/', './express' ]
62 verbose url resolved https://registry.npmjs.org/express
63 info trying registry request attempt 1 at 20:42:40
64 verbose etag "P7W8NCMZ205LUM7NI19AX0ZP"
65 http GET https://registry.npmjs.org/express
66 http 200 https://registry.npmjs.org/sleep
67 silly registry.get cb [ 200,
67 silly registry.get   { server: 'CouchDB/1.5.0 (Erlang OTP/R16B03)',
67 silly registry.get     etag: '"3X5XBUQ41K8N8E9GYF9XEL9C5"',
67 silly registry.get     'content-type': 'application/json',
67 silly registry.get     'cache-control': 'max-age=300',
67 silly registry.get     'content-length': '17039',
67 silly registry.get     'accept-ranges': 'bytes',
67 silly registry.get     date: 'Tue, 26 Apr 2016 20:42:41 GMT',
67 silly registry.get     via: '1.1 varnish',
67 silly registry.get     age: '0',
67 silly registry.get     connection: 'keep-alive',
67 silly registry.get     'x-served-by': 'cache-jfk1042-JFK',
67 silly registry.get     'x-cache': 'MISS',
67 silly registry.get     'x-cache-hits': '0',
67 silly registry.get     'x-timer': 'S1461703361.708065,VS0,VE83',
67 silly registry.get     vary: 'Accept-Encoding' } ]
68 http 200 https://registry.npmjs.org/exec
69 silly registry.get cb [ 200,
69 silly registry.get   { server: 'CouchDB/1.5.0 (Erlang OTP/R16B03)',
69 silly registry.get     etag: '"BVS5NMGQB3234C7EG5C92ZDA9"',
69 silly registry.get     'content-type': 'application/json',
69 silly registry.get     'cache-control': 'max-age=300',
69 silly registry.get     'content-length': '18962',
69 silly registry.get     'accept-ranges': 'bytes',
69 silly registry.get     date: 'Tue, 26 Apr 2016 20:42:41 GMT',
69 silly registry.get     via: '1.1 varnish',
69 silly registry.get     age: '0',
69 silly registry.get     connection: 'keep-alive',
69 silly registry.get     'x-served-by': 'cache-jfk1026-JFK',
69 silly registry.get     'x-cache': 'MISS',
69 silly registry.get     'x-cache-hits': '0',
69 silly registry.get     'x-timer': 'S1461703361.693405,VS0,VE194',
69 silly registry.get     vary: 'Accept-Encoding' } ]
70 silly lockFile 9434ff1a-sleep-1-1-0 sleep@^1.1.0
71 silly lockFile 9434ff1a-sleep-1-1-0 sleep@^1.1.0
72 silly lockFile dcd5a9ec-exec-0-0-5 exec@^0.0.5
73 silly lockFile dcd5a9ec-exec-0-0-5 exec@^0.0.5
74 error Error: No compatible version found: sleep@'^1.1.0'
74 error Valid install targets:
74 error ["1.0.0","1.0.1","1.0.2","1.1.0","1.1.1","1.1.2","1.1.3","1.1.4","1.1.5","1.1.6","1.1.7","1.1.8","1.2.0","2.0.0","3.0.0","3.0.1"]
74 error     at installTargetsError (/home/pi/lib/node_modules/npm/lib/cache.js:682:10)
74 error     at /home/pi/lib/node_modules/npm/lib/cache.js:597:10
74 error     at saved (/home/pi/lib/node_modules/npm/node_modules/npm-registry-client/lib/get.js:138:7)
74 error     at Object.oncomplete (fs.js:93:15)
75 error If you need help, you may report this log at:
75 error     <http://github.com/isaacs/npm/issues>
75 error or email it to:
75 error     <npm-@googlegroups.com>
76 error System Linux 3.12.21+
77 error command "/home/pi/bin/node" "/home/pi/bin/npm" "install"
78 error cwd /home/pi/a/node/rcswitch-rest
79 error node -v v0.10.0
80 error npm -v 1.2.14
81 verbose exit [ 1, true ]
